<?xml version="1.0" encoding="UTF-8"?>
<!-- Generated by org.testng.reporters.JUnitReportReporter -->
<testsuite skipped="0" hostname="AA-PC" name="framework.Testng.Groups.TestSuite3" tests="3" failures="0" timestamp="2020-03-01T12:17:03 IST" time="0.016" errors="0">
  <testcase name="tc008" time="0.001" classname="framework.Testng.Groups.TestSuite3"/>
  <testcase name="tc007" time="0.014" classname="framework.Testng.Groups.TestSuite3"/>
  <testcase name="tc009" time="0.001" classname="framework.Testng.Groups.TestSuite3"/>
</testsuite> <!-- framework.Testng.Groups.TestSuite3 -->
