<?xml version="1.0" encoding="UTF-8"?>
<!-- Generated by org.testng.reporters.JUnitReportReporter -->
<testsuite skipped="0" hostname="AA-PC" name="framework.Testng.Groups.TestSuite1" tests="3" failures="0" timestamp="2020-03-01T12:17:03 IST" time="0.004" errors="0">
  <testcase name="tc001" time="0.001" classname="framework.Testng.Groups.TestSuite1"/>
  <testcase name="tc003" time="0.002" classname="framework.Testng.Groups.TestSuite1"/>
  <testcase name="tc002" time="0.001" classname="framework.Testng.Groups.TestSuite1"/>
</testsuite> <!-- framework.Testng.Groups.TestSuite1 -->
