<?xml version="1.0" encoding="UTF-8"?>
<!-- Generated by org.testng.reporters.JUnitReportReporter -->
<testsuite skipped="1" hostname="AA-PC" name="framework.Testng.DataProvider.DP_InputData" tests="5" failures="0" timestamp="2020-03-02T12:46:22 IST" time="0.000" errors="0">
  <testcase name="get_user_info" time="0.000" classname="framework.Testng.DataProvider.DP_InputData"/>
  <testcase name="get_user_info" time="0.000" classname="framework.Testng.DataProvider.DP_InputData"/>
  <testcase name="get_user_info" time="0.000" classname="framework.Testng.DataProvider.DP_InputData"/>
  <testcase name="get_user_info" time="0.000" classname="framework.Testng.DataProvider.DP_InputData"/>
  <testcase name="test" classname="framework.Testng.DataProvider.DP_InputData">
    <skipped/>
  </testcase> <!-- test -->
</testsuite> <!-- framework.Testng.DataProvider.DP_InputData -->
