<?xml version="1.0" encoding="UTF-8"?>
<!-- Generated by org.testng.reporters.JUnitReportReporter -->
<testsuite skipped="0" hostname="AA-PC" name="pageobjects.PageFactory.Run_Pageobjects_With_Keyword" tests="1" failures="0" timestamp="2020-03-05T11:58:32 IST" time="1.997" errors="0">
  <testcase name="SearchFlight_For_Roundtrip" time="1.997" classname="pageobjects.PageFactory.Run_Pageobjects_With_Keyword"/>
</testsuite> <!-- pageobjects.PageFactory.Run_Pageobjects_With_Keyword -->
