<?xml version="1.0" encoding="UTF-8"?>
<!-- Generated by org.testng.reporters.JUnitReportReporter -->
<testsuite skipped="0" hostname="AA-PC" name="framework.Testng.CrossBrowser.CrossBrowser_Test" tests="8" failures="0" timestamp="2020-03-02T12:09:16 IST" time="69.319" errors="0">
  <testcase name="launchBrowser" time="3.504" classname="framework.Testng.CrossBrowser.CrossBrowser_Test"/>
  <testcase name="launchBrowser" time="7.496" classname="framework.Testng.CrossBrowser.CrossBrowser_Test"/>
  <testcase name="loadApp" time="10.143" classname="framework.Testng.CrossBrowser.CrossBrowser_Test"/>
  <testcase name="loadApp" time="9.725" classname="framework.Testng.CrossBrowser.CrossBrowser_Test"/>
  <testcase name="flight_search" time="13.369" classname="framework.Testng.CrossBrowser.CrossBrowser_Test"/>
  <testcase name="flight_search" time="10.629" classname="framework.Testng.CrossBrowser.CrossBrowser_Test"/>
  <testcase name="closeBrowser" time="9.050" classname="framework.Testng.CrossBrowser.CrossBrowser_Test"/>
  <testcase name="closeBrowser" time="5.403" classname="framework.Testng.CrossBrowser.CrossBrowser_Test"/>
</testsuite> <!-- framework.Testng.CrossBrowser.CrossBrowser_Test -->
