<?xml version="1.0" encoding="UTF-8"?>
<!-- Generated by org.testng.reporters.JUnitReportReporter -->
<testsuite skipped="0" hostname="AA-PC" name="framework.Testng.BeforeMethod_And_AfterMethod" tests="2" failures="0" timestamp="2020-02-29T12:00:28 IST" time="0.017" errors="0">
  <testcase name="tc001" time="0.008" classname="framework.Testng.BeforeMethod_And_AfterMethod"/>
  <testcase name="tc002" time="0.009" classname="framework.Testng.BeforeMethod_And_AfterMethod"/>
</testsuite> <!-- framework.Testng.BeforeMethod_And_AfterMethod -->
