<?xml version="1.0" encoding="UTF-8"?>
<!-- Generated by org.testng.reporters.JUnitReportReporter -->
<testsuite skipped="0" hostname="AA-PC" name="framework.Testng.Testng_WebDriver_TestCase" tests="3" failures="0" timestamp="2020-03-01T11:46:22 IST" time="28.941" errors="0">
  <testcase name="Verify_Signup_Footer_link" time="12.629" classname="framework.Testng.Testng_WebDriver_TestCase"/>
  <testcase name="Verify_SignIn_Footer_link" time="6.626" classname="framework.Testng.Testng_WebDriver_TestCase"/>
  <testcase name="Verify_Messenger_Footer_link" time="9.686" classname="framework.Testng.Testng_WebDriver_TestCase"/>
</testsuite> <!-- framework.Testng.Testng_WebDriver_TestCase -->
