<?xml version="1.0" encoding="UTF-8"?>
<!-- Generated by org.testng.reporters.JUnitReportReporter -->
<testsuite skipped="0" hostname="AA-PC" name="framework.Testng.Test_Priority" tests="3" failures="0" timestamp="2020-02-28T12:51:22 IST" time="0.015" errors="0">
  <testcase name="f" time="0.013" classname="framework.Testng.Test_Priority"/>
  <testcase name="b" time="0.001" classname="framework.Testng.Test_Priority"/>
  <testcase name="a" time="0.001" classname="framework.Testng.Test_Priority"/>
</testsuite> <!-- framework.Testng.Test_Priority -->
