<?xml version="1.0" encoding="UTF-8"?>
<!-- Generated by org.testng.reporters.JUnitReportReporter -->
<testsuite skipped="0" hostname="AA-PC" name="method_return_types.Run_Return_Keywords_From_Testng" tests="2" failures="0" timestamp="2020-03-05T12:22:12 IST" time="0.050" errors="0">
  <testcase name="Verify_FB_Homepage_title" time="0.034" classname="method_return_types.Run_Return_Keywords_From_Testng"/>
  <testcase name="Verify_Fb_Homepage_url" time="0.016" classname="method_return_types.Run_Return_Keywords_From_Testng"/>
</testsuite> <!-- method_return_types.Run_Return_Keywords_From_Testng -->
