<?xml version="1.0" encoding="UTF-8"?>
<!-- Generated by org.testng.reporters.JUnitReportReporter -->
<testsuite skipped="0" hostname="AA-PC" name="framework.Testng.My_Testng_Test" tests="1" failures="0" timestamp="2020-02-28T12:47:02 IST" time="0.011" errors="0">
  <testcase name="tc002" time="0.011" classname="framework.Testng.My_Testng_Test"/>
</testsuite> <!-- framework.Testng.My_Testng_Test -->
