<?xml version="1.0" encoding="UTF-8"?>
<!-- Generated by org.testng.reporters.JUnitReportReporter -->
<testsuite skipped="0" hostname="AA-PC" name="framework.Testng.DataProvider.Excel_Integration.NewTest" tests="11" failures="0" timestamp="2020-03-03T12:02:31 IST" time="0.052" errors="0">
  <testcase name="get_input_data_from_excel" time="0.006" classname="framework.Testng.DataProvider.Excel_Integration.NewTest"/>
  <testcase name="get_input_data_from_excel" time="0.003" classname="framework.Testng.DataProvider.Excel_Integration.NewTest"/>
  <testcase name="get_input_data_from_excel" time="0.000" classname="framework.Testng.DataProvider.Excel_Integration.NewTest"/>
  <testcase name="get_input_data_from_excel" time="0.000" classname="framework.Testng.DataProvider.Excel_Integration.NewTest"/>
  <testcase name="get_input_data_from_excel" time="0.007" classname="framework.Testng.DataProvider.Excel_Integration.NewTest"/>
  <testcase name="get_input_data_from_excel" time="0.000" classname="framework.Testng.DataProvider.Excel_Integration.NewTest"/>
  <testcase name="get_input_data_from_excel" time="0.001" classname="framework.Testng.DataProvider.Excel_Integration.NewTest"/>
  <testcase name="get_input_data_from_excel" time="0.016" classname="framework.Testng.DataProvider.Excel_Integration.NewTest"/>
  <testcase name="get_input_data_from_excel" time="0.009" classname="framework.Testng.DataProvider.Excel_Integration.NewTest"/>
  <testcase name="get_input_data_from_excel" time="0.001" classname="framework.Testng.DataProvider.Excel_Integration.NewTest"/>
  <testcase name="get_input_data_from_excel" time="0.009" classname="framework.Testng.DataProvider.Excel_Integration.NewTest"/>
</testsuite> <!-- framework.Testng.DataProvider.Excel_Integration.NewTest -->
