<?xml version="1.0" encoding="UTF-8"?>
<!-- Generated by org.testng.reporters.JUnitReportReporter -->
<testsuite skipped="0" hostname="AA-PC" name="framework.Testng.DataProvider.Fetch_DataProvide_Data_From_OtherClass" tests="4" failures="0" timestamp="2020-03-03T11:33:36 IST" time="0.011" errors="0">
  <testcase name="get_user_details" time="0.001" classname="framework.Testng.DataProvider.Fetch_DataProvide_Data_From_OtherClass"/>
  <testcase name="get_user_details" time="0.001" classname="framework.Testng.DataProvider.Fetch_DataProvide_Data_From_OtherClass"/>
  <testcase name="get_user_details" time="0.000" classname="framework.Testng.DataProvider.Fetch_DataProvide_Data_From_OtherClass"/>
  <testcase name="get_user_details" time="0.009" classname="framework.Testng.DataProvider.Fetch_DataProvide_Data_From_OtherClass"/>
</testsuite> <!-- framework.Testng.DataProvider.Fetch_DataProvide_Data_From_OtherClass -->
