<?xml version="1.0" encoding="UTF-8"?>
<!-- Generated by org.testng.reporters.JUnitReportReporter -->
<testsuite skipped="1" hostname="AA-PC" name="framework.Testng.Invacation_Count" tests="11" failures="0" timestamp="2020-02-29T12:53:45 IST" time="5.080" errors="0">
  <testcase name="test" time="0.243" classname="framework.Testng.Invacation_Count"/>
  <testcase name="test" time="1.605" classname="framework.Testng.Invacation_Count"/>
  <testcase name="test" time="0.282" classname="framework.Testng.Invacation_Count"/>
  <testcase name="test" time="0.322" classname="framework.Testng.Invacation_Count"/>
  <testcase name="test" time="0.178" classname="framework.Testng.Invacation_Count"/>
  <testcase name="test" time="1.255" classname="framework.Testng.Invacation_Count"/>
  <testcase name="test" time="0.366" classname="framework.Testng.Invacation_Count"/>
  <testcase name="test" time="0.349" classname="framework.Testng.Invacation_Count"/>
  <testcase name="test" time="0.215" classname="framework.Testng.Invacation_Count"/>
  <testcase name="test" time="0.265" classname="framework.Testng.Invacation_Count"/>
  <testcase name="tc001" classname="framework.Testng.Invacation_Count">
    <skipped/>
  </testcase> <!-- tc001 -->
</testsuite> <!-- framework.Testng.Invacation_Count -->
