<?xml version="1.0" encoding="UTF-8"?>
<!-- Generated by org.testng.reporters.JUnitReportReporter -->
<testsuite skipped="0" hostname="AA-PC" name="framework.Testng.TestSuite.Class3" tests="3" failures="0" timestamp="2020-03-01T11:46:22 IST" time="0.018" errors="0">
  <testcase name="tc007" time="0.014" classname="framework.Testng.TestSuite.Class3"/>
  <testcase name="tc008" time="0.001" classname="framework.Testng.TestSuite.Class3"/>
  <testcase name="tc009" time="0.003" classname="framework.Testng.TestSuite.Class3"/>
</testsuite> <!-- framework.Testng.TestSuite.Class3 -->
