<?xml version="1.0" encoding="UTF-8"?>
<!-- Generated by org.testng.reporters.JUnitReportReporter -->
<testsuite skipped="0" hostname="AA-PC" name="method_return_types.Run_WebTable_Using_Keywords" tests="2" failures="0" timestamp="2020-03-06T12:15:18 IST" time="8.662" errors="0">
  <testcase name="Get_Data_From_Static_WetbTable" time="0.656" classname="method_return_types.Run_WebTable_Using_Keywords"/>
  <testcase name="Get_Dynamic_Cell_info" time="8.006" classname="method_return_types.Run_WebTable_Using_Keywords"/>
</testsuite> <!-- method_return_types.Run_WebTable_Using_Keywords -->
