<?xml version="1.0" encoding="UTF-8"?>
<!-- Generated by org.testng.reporters.JUnitReportReporter -->
<testsuite skipped="0" hostname="AA-PC" name="method_parameters.Run_Keyword_Using_Testng" tests="1" failures="0" timestamp="2020-03-05T11:45:51 IST" time="17.912" errors="0">
  <testcase name="Register_with_Instargram_From_FB" time="17.912" classname="method_parameters.Run_Keyword_Using_Testng"/>
</testsuite> <!-- method_parameters.Run_Keyword_Using_Testng -->
