<?xml version="1.0" encoding="UTF-8"?>
<!-- Generated by org.testng.reporters.JUnitReportReporter -->
<testsuite skipped="0" hostname="AA-PC" name="framework.Testng.Groups.TestSuite2" tests="2" failures="0" timestamp="2020-03-01T12:14:51 IST" time="0.005" errors="0">
  <testcase name="tc004" time="0.004" classname="framework.Testng.Groups.TestSuite2"/>
  <testcase name="tc005" time="0.001" classname="framework.Testng.Groups.TestSuite2"/>
</testsuite> <!-- framework.Testng.Groups.TestSuite2 -->
