<?xml version="1.0" encoding="UTF-8"?>
<!-- Generated by org.testng.reporters.JUnitReportReporter -->
<testsuite skipped="0" hostname="AA-PC" name="framework.Testng.BeforeTest_and_AfterTest.Test_For_Firefox" tests="1" failures="0" timestamp="2020-03-01T12:35:09 IST" time="0.001" errors="0">
  <testcase name="Logout" time="0.001" classname="framework.Testng.BeforeTest_and_AfterTest.Test_For_Firefox"/>
</testsuite> <!-- framework.Testng.BeforeTest_and_AfterTest.Test_For_Firefox -->
