<?xml version="1.0" encoding="UTF-8"?>
<!-- Generated by org.testng.reporters.JUnitReportReporter -->
<testsuite skipped="1" hostname="AA-PC" name="framework.Testng.Ignore_Method_Execution" tests="2" failures="0" timestamp="2020-02-28T12:53:41 IST" time="0.012" errors="0">
  <testcase name="tc001" time="0.012" classname="framework.Testng.Ignore_Method_Execution"/>
  <testcase name="tc002" classname="framework.Testng.Ignore_Method_Execution">
    <skipped/>
  </testcase> <!-- tc002 -->
</testsuite> <!-- framework.Testng.Ignore_Method_Execution -->
