<?xml version="1.0" encoding="UTF-8"?>
<!-- Generated by org.testng.reporters.JUnitReportReporter -->
<testsuite skipped="0" hostname="AA-PC" name="framework.Testng.BeforeTest_and_AfterTest.TestSuite2" tests="6" failures="0" timestamp="2020-03-01T12:35:09 IST" time="0.012" errors="0">
  <testcase name="tc005" time="0.001" classname="framework.Testng.BeforeTest_and_AfterTest.TestSuite2"/>
  <testcase name="tc004" time="0.004" classname="framework.Testng.BeforeTest_and_AfterTest.TestSuite2"/>
  <testcase name="tc006" time="0.002" classname="framework.Testng.BeforeTest_and_AfterTest.TestSuite2"/>
  <testcase name="tc006" time="0.002" classname="framework.Testng.BeforeTest_and_AfterTest.TestSuite2"/>
  <testcase name="tc005" time="0.002" classname="framework.Testng.BeforeTest_and_AfterTest.TestSuite2"/>
  <testcase name="tc004" time="0.001" classname="framework.Testng.BeforeTest_and_AfterTest.TestSuite2"/>
</testsuite> <!-- framework.Testng.BeforeTest_and_AfterTest.TestSuite2 -->
