<?xml version="1.0" encoding="UTF-8"?>
<!-- Generated by org.testng.reporters.JUnitReportReporter -->
<testsuite skipped="0" hostname="AA-PC" name="oops.inheritance.webdriver_Example.Run_TestCases" tests="1" failures="0" timestamp="2020-03-06T13:03:40 IST" time="15.034" errors="0">
  <testcase name="Verify_FlighSearch" time="15.034" classname="oops.inheritance.webdriver_Example.Run_TestCases"/>
</testsuite> <!-- oops.inheritance.webdriver_Example.Run_TestCases -->
