<?xml version="1.0" encoding="UTF-8"?>
<!-- Generated by org.testng.reporters.JUnitReportReporter -->
<testsuite skipped="0" hostname="AA-PC" name="framework.Testng.BeforeClass_And_AfterClass" tests="1" failures="0" timestamp="2020-02-29T11:56:50 IST" time="0.007" errors="0">
  <testcase name="tc002" time="0.007" classname="framework.Testng.BeforeClass_And_AfterClass"/>
</testsuite> <!-- framework.Testng.BeforeClass_And_AfterClass -->
